<?xml version="1.0" encoding="UTF-8"?>
<robot generator="Robot 7.1 (Python 3.12.5 on win32)" generated="2024-11-05T17:59:40.289460" rpa="false" schemaversion="5">
<suite id="s1" name="09mouseActions" source="D:\Automation\RobotFramework\09mouseActions.robot">
<test id="s1-t1" name="mouseActions" line="4">
<kw name="Open Browser" owner="SeleniumLibrary">
<msg time="2024-11-05T17:59:40.526432" level="INFO">Opening browser 'chrome' to base url 'https://swisnl.github.io/jQuery-contextMenu/demo.html'.</msg>
<arg>https://swisnl.github.io/jQuery-contextMenu/demo.html</arg>
<arg>chrome</arg>
<doc>Opens a new browser instance to the optional ``url``.</doc>
<status status="PASS" start="2024-11-05T17:59:40.526432" elapsed="2.896140"/>
</kw>
<kw name="Maximize Browser Window" owner="SeleniumLibrary">
<doc>Maximizes current browser window.</doc>
<status status="PASS" start="2024-11-05T17:59:43.422572" elapsed="0.049918"/>
</kw>
<kw name="Open Context Menu" owner="SeleniumLibrary">
<arg>xpath://span[@class='context-menu-one btn btn-neutral']</arg>
<doc>Opens the context menu on the element identified by ``locator``.</doc>
<status status="PASS" start="2024-11-05T17:59:43.472490" elapsed="0.333789"/>
</kw>
<kw name="Sleep" owner="BuiltIn">
<msg time="2024-11-05T17:59:46.806916" level="INFO">Slept 3 seconds.</msg>
<arg>3</arg>
<doc>Pauses the test executed for the given time.</doc>
<status status="PASS" start="2024-11-05T17:59:43.806279" elapsed="3.000637"/>
</kw>
<kw name="Go To" owner="SeleniumLibrary">
<msg time="2024-11-05T17:59:46.806916" level="INFO">Opening url 'https://testautomationpractice.blogspot.com/'</msg>
<arg>https://testautomationpractice.blogspot.com/</arg>
<doc>Navigates the current browser window to the provided ``url``.</doc>
<status status="PASS" start="2024-11-05T17:59:46.806916" elapsed="6.143127"/>
</kw>
<kw name="Maximize Browser Window" owner="SeleniumLibrary">
<doc>Maximizes current browser window.</doc>
<status status="PASS" start="2024-11-05T17:59:52.950043" elapsed="0.013506"/>
</kw>
<kw name="Double Click Element" owner="SeleniumLibrary">
<msg time="2024-11-05T17:59:52.963549" level="INFO">Double clicking element 'xpath://button[normalize-space()='Copy Text']'.</msg>
<arg>xpath://button[normalize-space()='Copy Text']</arg>
<doc>Double clicks the element identified by ``locator``.</doc>
<status status="PASS" start="2024-11-05T17:59:52.963549" elapsed="0.296789"/>
</kw>
<kw name="Sleep" owner="BuiltIn">
<msg time="2024-11-05T17:59:56.276485" level="INFO">Slept 3 seconds.</msg>
<arg>3</arg>
<doc>Pauses the test executed for the given time.</doc>
<status status="PASS" start="2024-11-05T17:59:53.276151" elapsed="3.000334"/>
</kw>
<kw name="Drag And Drop" owner="SeleniumLibrary">
<arg>xpath://div[@id='draggable']</arg>
<arg>xpath://div[@id='droppable']</arg>
<doc>Drags the element identified by ``locator`` into the ``target`` element.</doc>
<status status="PASS" start="2024-11-05T17:59:56.276485" elapsed="0.621792"/>
</kw>
<kw name="Sleep" owner="BuiltIn">
<msg time="2024-11-05T17:59:59.901018" level="INFO">Slept 3 seconds.</msg>
<arg>3</arg>
<doc>Pauses the test executed for the given time.</doc>
<status status="PASS" start="2024-11-05T17:59:56.899721" elapsed="3.001297"/>
</kw>
<kw name="Close All Browsers" owner="SeleniumLibrary">
<doc>Closes all open browsers and resets the browser cache.</doc>
<status status="PASS" start="2024-11-05T17:59:59.901018" elapsed="6.274279"/>
</kw>
<status status="PASS" start="2024-11-05T17:59:40.526432" elapsed="25.648865"/>
</test>
<status status="PASS" start="2024-11-05T17:59:40.289460" elapsed="25.885837"/>
</suite>
<statistics>
<total>
<stat pass="1" fail="0" skip="0">All Tests</stat>
</total>
<tag>
</tag>
<suite>
<stat pass="1" fail="0" skip="0" id="s1" name="09mouseActions">09mouseActions</stat>
</suite>
</statistics>
<errors>
</errors>
</robot>
